make all --print-data-base --no-builtin-variables --no-builtin-rules --question
# GNU Make 4.3
# Built for x86_64-pc-linux-gnu
# Copyright (C) 1988-2020 Free Software Foundation, Inc.
# License GPLv3+: GNU GPL version 3 or later <http://gnu.org/licenses/gpl.html>
# This is free software: you are free to change and redistribute it.
# There is NO WARRANTY, to the extent permitted by law.

# Make data base, printed on Wed May 25 15:56:07 2022

# Variables

# environment
GDK_BACKEND = x11
# environment
LC_ALL = C
# environment
GNOME_SHELL_SESSION_MODE = ubuntu
# environment
GJS_DEBUG_OUTPUT = stderr
# environment
NEMU_HOME = /home/lff/ysyx-workbench/nemu
# environment
VSCODE_IPC_HOOK_EXTHOST = /run/user/1000/vscode-ipc-903eac13-1309-494d-bc85-c66459354d78.sock
# environment
LC_NAME = zh_CN.UTF-8
# environment
LC_NUMERIC = zh_CN.UTF-8
# environment
VSCODE_CWD = /home/lff
# environment
WINDOWPATH = 2
# makefile (from 'Makefile', line 22)
define git_commit
	-@flock $(LOCK_DIR) $(MAKE) -C $(YSYX_HOME) .git_commit MSG='$(1)'
	-@sync
endef
# environment
LC_ADDRESS = zh_CN.UTF-8
# default
MAKE_COMMAND := make
# environment
QT_ACCESSIBILITY = 1
# automatic
@D = $(patsubst %/,%,$(dir $@))
# makefile (from 'Makefile', line 2)
STUNAME = 卢非凡
# environment
VSCODE_HANDLES_UNCAUGHT_ERRORS = true
# default
.VARIABLES := 
# environment
PWD = /home/lff/ysyx-workbench
# automatic
%D = $(patsubst %/,%,$(dir $%))
# environment
XDG_DATA_DIRS = /usr/share/ubuntu:/usr/local/share/:/usr/share/:/var/lib/snapd/desktop
# automatic
^D = $(patsubst %/,%,$(dir $^))
# makefile (from 'Makefile', line 11)
WORK_INDEX = $(YSYX_HOME)/.git/index.$(WORK_BRANCH)
# environment
VSCODE_LOG_STACK = false
# automatic
%F = $(notdir $%)
# environment
VSCODE_CODE_CACHE_PATH = /home/lff/.config/Code/CachedData/57fd6d0195bb9b9d1b49f6da5db789060795de47
# environment
LANG = C
# environment
XAUTHORITY = /run/user/1000/gdm/Xauthority
# default
.LOADED := 
# default
.INCLUDE_DIRS = /usr/local/include /usr/include /usr/include
# makefile
MAKEFLAGS = pqrR
# makefile
CURDIR := /home/lff/ysyx-workbench
# environment
VSCODE_PIPE_LOGGING = true
# environment
APPLICATION_INSIGHTS_NO_DIAGNOSTIC_CHANNEL = 1
# environment
LESSOPEN = | /usr/bin/lesspipe %s
# automatic
*D = $(patsubst %/,%,$(dir $*))
# makefile (from 'Makefile', line 7)
GITFLAGS = -q --author='$(TRACER) <tracer@ysyx.org>' --no-verify --allow-empty
# environment
MFLAGS = -pqrR
# environment
SSH_AUTH_SOCK = /run/user/1000/keyring/ssh
# default
.SHELLFLAGS := -c
# environment
XDG_CONFIG_DIRS = /etc/xdg/xdg-ubuntu:/etc/xdg
# automatic
+D = $(patsubst %/,%,$(dir $+))
# environment
XDG_SESSION_DESKTOP = ubuntu
# makefile (from 'Makefile', line 1)
MAKEFILE_LIST := Makefile
# automatic
@F = $(notdir $@)
# makefile (from 'Makefile', line 12)
TRACER_BRANCH = $(TRACER)
# environment
VSCODE_VERBOSE_LOGGING = true
# environment
VSCODE_PID = 110738
# environment
XDG_SESSION_TYPE = x11
# automatic
?D = $(patsubst %/,%,$(dir $?))
# environment
SESSION_MANAGER = local/XD:@/tmp/.ICE-unix/2131,unix/XD:/tmp/.ICE-unix/2131
# automatic
*F = $(notdir $*)
# environment
NVBOARD_HOME = /home/lff/ysyx-workbench/nvboard
# environment
CHROME_DESKTOP = code-url-handler.desktop
# environment
DBUS_SESSION_BUS_ADDRESS = unix:path=/run/user/1000/bus
# makefile (from 'Makefile', line 14)
LOCK_DIR = $(YSYX_HOME)/.git/
# automatic
<D = $(patsubst %/,%,$(dir $<))
# environment
VSCODE_NLS_CONFIG = {"locale":"en-us","availableLanguages":{},"_languagePackSupport":true}
# default
MAKE_HOST := x86_64-pc-linux-gnu
# environment
GNOME_DESKTOP_SESSION_ID = this-is-deprecated
# makefile
SHELL = /bin/sh
# default
MAKECMDGOALS := all
# environment
XMODIFIERS = @im=ibus
# environment
NPC_HOME = 
# environment
GJS_DEBUG_TOPICS = JS ERROR;JS LOG
# environment
SHLVL = 0
# environment
MAKELEVEL := 0
# default
MAKE = $(MAKE_COMMAND)
# environment
PATH = /home/lff/.local/bin:/home/lff/.local/bin:/usr/local/sbin:/usr/local/bin:/usr/sbin:/usr/bin:/sbin:/bin:/usr/games:/usr/local/games:/snap/bin
# default
MAKEFILES := 
# environment
LANGUAGE = en_US:en
# environment
LC_MONETARY = zh_CN.UTF-8
# automatic
^F = $(notdir $^)
# environment
LC_TIME = zh_CN.UTF-8
# makefile (from 'Makefile', line 9)
YSYX_HOME = $(NEMU_HOME)/..
# makefile (from 'Makefile', line 10)
WORK_BRANCH = $(shell git rev-parse --abbrev-ref HEAD)
# environment
VSCODE_LOG_NATIVE = false
# environment
USERNAME = lff
# environment
LC_TELEPHONE = zh_CN.UTF-8
# environment
LESSCLOSE = /usr/bin/lesspipe %s %s
# automatic
?F = $(notdir $?)
# environment
XDG_CURRENT_DESKTOP = Unity
# environment
LS_COLORS = 
# automatic
+F = $(notdir $+)
# environment
DESKTOP_SESSION = ubuntu
# makefile (from 'Makefile', line 6)
TRACER = tracer-ysyx2204
# environment
ORIGINAL_XDG_CURRENT_DESKTOP = ubuntu:GNOME
# 'override' directive
GNUMAKEFLAGS := 
# environment
LOGNAME = lff
# environment
GIO_LAUNCHED_DESKTOP_FILE = /usr/share/applications/code.desktop
# makefile
.DEFAULT_GOAL := _default
# environment
DISPLAY = :1
# environment
USER = lff
# environment
GTK_MODULES = gail:atk-bridge
# default
MAKE_VERSION := 4.3
# makefile (from 'Makefile', line 17)
git_soft_checkout = 	git checkout --detach -q && git reset --soft $(1) -q && git checkout $(1) -q
# environment
LC_MEASUREMENT = zh_CN.UTF-8
# environment
GIO_LAUNCHED_DESKTOP_FILE_PID = 110738
# makefile (from 'Makefile', line 1)
STUID = ysyx_2022040010
# environment
_ = /usr/share/code/code
# environment
LC_PAPER = zh_CN.UTF-8
# environment
XDG_RUNTIME_DIR = /run/user/1000
# environment
GPG_AGENT_INFO = /run/user/1000/gnupg/S.gpg-agent:0:1
# environment
XDG_SESSION_CLASS = user
# environment
VSCODE_AMD_ENTRYPOINT = vs/workbench/api/node/extensionHostProcess
# environment
HOME = /home/lff
# environment
QT_IM_MODULE = ibus
# environment
ELECTRON_RUN_AS_NODE = 1
# environment
VSCODE_IPC_HOOK = /run/user/1000/vscode-972a02c0-1.67.0-main.sock
# environment
PAPERSIZE = a4
# default
.RECIPEPREFIX := 
# automatic
<F = $(notdir $<)
# environment
AM_HOME = /home/lff/ysyx-workbench/abstract-machine
# default
SUFFIXES := 
# default
.FEATURES := target-specific order-only second-expansion else-if shortest-stem undefine oneshell nocomment grouped-target extra-prereqs archives jobserver output-sync check-symlink load
# environment
XDG_MENU_PREFIX = gnome-
# environment
GDMSESSION = ubuntu
# environment
LC_IDENTIFICATION = zh_CN.UTF-8
# variable set hash-table stats:
# Load=118/1024=12%, Rehash=0, Collisions=5/148=3%

# Pattern-specific Variable Values

# No pattern-specific variable values.

# Directories

# . (device 66315, inode 792950): 17 files, no impossibilities.

# 17 files, no impossibilities in 1 directories.

# Implicit Rules

# No implicit rules.

# Files

_default:
#  Phony target (prerequisite of .PHONY).
#  Implicit rule search has not been done.
#  File does not exist.
#  File has not been updated.
#  recipe to execute (from 'Makefile', line 42):
	@echo "Please run 'make' under subprojects."

# Not a target:
Makefile:
#  Implicit rule search has been done.
#  Last modified 2022-05-09 11:44:34.741475788
 
make: *** No rule to make target 'all'.  Stop.

#  File has been updated.
#  Successfully updated.

.git_commit:
#  Phony target (prerequisite of .PHONY).
#  Implicit rule search has not been done.
#  File does not exist.
#  File has not been updated.
#  recipe to execute (from 'Makefile', line 28):
	-@while (test -e .git/index.lock); do sleep 0.1; done;               `# wait for other git instances`
	-@git branch $(TRACER_BRANCH) -q 2>/dev/null || true                 `# create tracer branch if not existent`
	-@cp -a .git/index $(WORK_INDEX)                                     `# backup git index`
	-@$(call git_soft_checkout, $(TRACER_BRANCH))                        `# switch to tracer branch`
	-@git add . -A --ignore-errors                                       `# add files to commit`
	-@(echo "> $(MSG)" && echo $(STUID) $(STUNAME) && uname -a && uptime `# generate commit msg`) \
	                | git commit -F - $(GITFLAGS)                        `# commit changes in tracer branch`
	-@$(call git_soft_checkout, $(WORK_BRANCH))                          `# switch to work branch`
	-@mv $(WORK_INDEX) .git/index                                        `# restore git index`

.clean_index:
#  Phony target (prerequisite of .PHONY).
#  Implicit rule search has not been done.
#  File does not exist.
#  File has not been updated.
#  recipe to execute (from 'Makefile', line 39):
	rm -f $(WORK_INDEX)

# Not a target:
.DEFAULT:
#  Implicit rule search has not been done.
#  Modification time never checked.
#  File has not been updated.

# Not a target:
all:
#  Command line target.
#  Implicit rule search has been done.
#  File does not exist.
#  File has not been updated.

.PHONY: .git_commit .clean_index _default
#  Implicit rule search has not been done.
#  Modification time never checked.
#  File has not been updated.

# files hash-table stats:
# Load=8/1024=1%, Rehash=0, Collisions=0/21=0%
# VPATH Search Paths

# No 'vpath' search paths.

# No general ('VPATH' variable) search path.

# strcache buffers: 1 (0) / strings = 26 / storage = 229 B / avg = 8 B
# current buf: size = 8162 B / used = 229 B / count = 26 / avg = 8 B

# strcache performance: lookups = 37 / hit rate = 29%
# hash-table stats:
# Load=26/8192=0%, Rehash=0, Collisions=0/37=0%
# Finished Make data base on Wed May 25 15:56:07 2022

 
